<?xml version="1.0" encoding="UTF-8"?>
<testsuite xmlns:xsi="http://www.w3.org/2001/XMLSchema-instance" xsi:noNamespaceSchemaLocation="https://maven.apache.org/surefire/maven-surefire-plugin/xsd/surefire-test-report-3.0.xsd" version="3.0" name="com.balazsholczer.adapter.AdapterTest" time="0.033" tests="5" errors="0" skipped="0" failures="0">
  <properties>
[...]
</properties>
  <testcase name="testGenericAdapter" classname="com.balazsholczer.adapter.AdapterTest" time="0.003"/>
  <testcase name="testTraditionalMediaAdapter" classname="com.balazsholczer.adapter.AdapterTest" time="0.008">
    <system-out><![CDATA[Playing mp3 file: song.mp3
Playing mp4 file: video.mp4
Playing vlc file: movie.vlc
]]></system-out>
  </testcase>
  <testcase name="testEquivalence" classname="com.balazsholczer.adapter.AdapterTest" time="0.011">
    <system-out><![CDATA[Playing mp4 file: test.mp4
Playing mp4 file: test.mp4
Playing mp4 file: test.mp4
]]></system-out>
  </testcase>
  <testcase name="testEnumMediaAdapter" classname="com.balazsholczer.adapter.AdapterTest" time="0.001">
    <system-out><![CDATA[Playing mp4 file: video.mp4
Playing vlc file: movie.vlc
]]></system-out>
  </testcase>
  <testcase name="testFunctionalMediaAdapter" classname="com.balazsholczer.adapter.AdapterTest" time="0.002">
    <system-out><![CDATA[Playing mp4 file: video.mp4
Playing vlc file: movie.vlc
Playing mp3 file: song.mp3
]]></system-out>
  </testcase>
</testsuite>