<?xml version="1.0" encoding="UTF-8"?>
<testsuite xmlns:xsi="http://www.w3.org/2001/XMLSchema-instance" xsi:noNamespaceSchemaLocation="https://maven.apache.org/surefire/maven-surefire-plugin/xsd/surefire-test-report-3.0.xsd" version="3.0" name="com.balazsholczer.template.TemplatePatternTest" time="0.276" tests="9" errors="0" skipped="0" failures="0">
  <properties>
[...]
</properties>
  <testcase name="testEquivalenceAcrossApproaches" classname="com.balazsholczer.template.TemplatePatternTest" time="0.123">
    <system-out><![CDATA[Bubble sort initializing...
1 2 3 5 8 9 Bubble initializing...
1 2 3 5 8 9 
Bubble sort initializing...
1 2 3 5 8 9 
Bubble sort initializing...
1 2 3 5 8 9 
]]></system-out>
  </testcase>
  <testcase name="testHookMethods" classname="com.balazsholczer.template.TemplatePatternTest" time="0.006">
    <system-out><![CDATA[Bubble sort initializing...
1 2 3 5 8 9 ]]></system-out>
  </testcase>
  <testcase name="testPerformanceComparison" classname="com.balazsholczer.template.TemplatePatternTest" time="0.021">
    <system-out><![CDATA[Bubble sort initializing...
0 0 1 1 2 3 3 5 7 7 9 9 10 12 13 13 13 17 18 19 19 19 23 23 23 25 25 26 27 28 29 29 30 30 30 30 32 33 34 35 37 40 41 42 43 43 43 44 46 47 48 52 53 56 56 56 57 58 58 59 59 60 60 61 63 63 64 65 70 70 73 75 75 76 76 76 76 79 79 82 84 85 86 87 90 92 93 93 93 93 93 94 94 94 95 96 97 98 98 99 Insertion sort initializing...
0 0 1 1 2 3 3 5 7 7 9 9 10 12 13 13 13 17 18 19 19 19 23 23 23 25 25 26 27 28 29 29 30 30 30 30 32 33 34 35 37 40 41 42 43 43 43 44 46 47 48 52 53 56 56 56 57 58 58 59 59 60 60 61 63 63 64 65 70 70 73 75 75 76 76 76 76 79 79 82 84 85 86 87 90 92 93 93 93 93 93 94 94 94 95 96 97 98 98 99 ]]></system-out>
  </testcase>
  <testcase name="testFunctionalTemplatePattern" classname="com.balazsholczer.template.TemplatePatternTest" time="0.008">
    <system-out><![CDATA[Bubble Sort initializing...
1 2 3 5 8 9 
Insertion Sort initializing...
1 2 3 5 8 9 
]]></system-out>
  </testcase>
  <testcase name="testTemplateMethodStructure" classname="com.balazsholczer.template.TemplatePatternTest" time="0.006">
    <system-out><![CDATA[Bubble sort initializing...
1 2 3 5 8 9 ]]></system-out>
  </testcase>
  <testcase name="testRecordTemplatePattern" classname="com.balazsholczer.template.TemplatePatternTest" time="0.01">
    <system-out><![CDATA[Bubble sort initializing...
1 2 3 5 8 9 
Insertion sort initializing...
1 2 3 5 8 9 
]]></system-out>
  </testcase>
  <testcase name="testTraditionalTemplatePattern" classname="com.balazsholczer.template.TemplatePatternTest" time="0.005">
    <system-out><![CDATA[Bubble sort initializing...
1 2 3 5 8 9 Insertion sort initializing...
1 2 3 5 8 9 ]]></system-out>
  </testcase>
  <testcase name="testTemplateFlexibility" classname="com.balazsholczer.template.TemplatePatternTest" time="0.004">
    <system-out><![CDATA[Custom Sort initializing...
1 2 3 5 8 9 
]]></system-out>
  </testcase>
  <testcase name="testEnumTemplatePattern" classname="com.balazsholczer.template.TemplatePatternTest" time="0.004">
    <system-out><![CDATA[Bubble sort initializing...
1 2 3 5 8 9 
Insertion sort initializing...
1 2 3 5 8 9 
]]></system-out>
  </testcase>
</testsuite>