<?xml version="1.0" encoding="UTF-8"?>
<testsuite xmlns:xsi="http://www.w3.org/2001/XMLSchema-instance" xsi:noNamespaceSchemaLocation="https://maven.apache.org/surefire/maven-surefire-plugin/xsd/surefire-test-report-3.0.xsd" version="3.0" name="com.balazsholczer.apigateway.APIGatewayTest" time="0.207" tests="10" errors="0" skipped="0" failures="0">
  <properties>
[...]
</properties>
  <testcase name="testServiceRouting" classname="com.balazsholczer.apigateway.APIGatewayTest" time="0.096">
    <system-out><![CDATA[APIGateway: Registered UserService for /users
APIGateway: Registered OrderService for /orders
APIGateway: Routing request GET /users/profile
APIGateway: Authentication passed
APIGateway: Rate limit check passed
UserService: Handling GET /users/profile
APIGateway: Routing request GET /orders/history
APIGateway: Authentication passed
APIGateway: Rate limit check passed
OrderService: Handling GET /orders/history
]]></system-out>
  </testcase>
  <testcase name="testEquivalenceAcrossApproaches" classname="com.balazsholczer.apigateway.APIGatewayTest" time="0.005">
    <system-out><![CDATA[APIGateway: Registered UserService for /users
APIGateway: Registered OrderService for /orders
APIGateway: Routing request GET /users/test
APIGateway: Authentication passed
APIGateway: Rate limit check passed
UserService: Handling GET /users/test
]]></system-out>
  </testcase>
  <testcase name="testServiceNotFound" classname="com.balazsholczer.apigateway.APIGatewayTest" time="0.003">
    <system-out><![CDATA[APIGateway: Registered UserService for /users
APIGateway: Registered OrderService for /orders
APIGateway: Routing request GET /unknown/path
APIGateway: Authentication passed
APIGateway: Rate limit check passed
]]></system-out>
  </testcase>
  <testcase name="testRequestResponseHandling" classname="com.balazsholczer.apigateway.APIGatewayTest" time="0.002">
    <system-out><![CDATA[APIGateway: Registered UserService for /users
APIGateway: Registered OrderService for /orders
]]></system-out>
  </testcase>
  <testcase name="testServiceComposition" classname="com.balazsholczer.apigateway.APIGatewayTest" time="0.004">
    <system-out><![CDATA[APIGateway: Registered UserService for /users
APIGateway: Registered OrderService for /orders
]]></system-out>
  </testcase>
  <testcase name="testModernStreamBasedProcessing" classname="com.balazsholczer.apigateway.APIGatewayTest" time="0.008">
    <system-out><![CDATA[APIGateway: Registered UserService for /users
APIGateway: Registered OrderService for /orders
APIGateway: Routing request GET /users/1
APIGateway: Authentication passed
APIGateway: Rate limit check passed
UserService: Handling GET /users/1
APIGateway: Routing request GET /users/2
APIGateway: Authentication passed
APIGateway: Rate limit check passed
UserService: Handling GET /users/2
APIGateway: Routing request GET /users/3
APIGateway: Authentication passed
APIGateway: Rate limit check passed
UserService: Handling GET /users/3
]]></system-out>
  </testcase>
  <testcase name="testAuthentication" classname="com.balazsholczer.apigateway.APIGatewayTest" time="0.003">
    <system-out><![CDATA[APIGateway: Registered UserService for /users
APIGateway: Registered OrderService for /orders
APIGateway: Routing request GET /users
APIGateway: Authentication failed
APIGateway: Routing request GET /users
APIGateway: Authentication passed
APIGateway: Rate limit check passed
UserService: Handling GET /users
]]></system-out>
  </testcase>
  <testcase name="testServiceImplementations" classname="com.balazsholczer.apigateway.APIGatewayTest" time="0.003">
    <system-out><![CDATA[APIGateway: Registered UserService for /users
APIGateway: Registered OrderService for /orders
UserService: Handling GET /users/list
OrderService: Handling GET /orders/list
UserService: Handling GET /invalid
]]></system-out>
  </testcase>
  <testcase name="testTraditionalAPIGateway" classname="com.balazsholczer.apigateway.APIGatewayTest" time="0.003">
    <system-out><![CDATA[APIGateway: Registered UserService for /users
APIGateway: Registered OrderService for /orders
APIGateway: Routing request GET /users/123
APIGateway: Authentication passed
APIGateway: Rate limit check passed
UserService: Handling GET /users/123
APIGateway: Routing request GET /orders/456
APIGateway: Authentication passed
APIGateway: Rate limit check passed
OrderService: Handling GET /orders/456
]]></system-out>
  </testcase>
  <testcase name="testFunctionalApproach" classname="com.balazsholczer.apigateway.APIGatewayTest" time="0.003">
    <system-out><![CDATA[APIGateway: Registered UserService for /users
APIGateway: Registered OrderService for /orders
]]></system-out>
  </testcase>
</testsuite>