<?xml version="1.0" encoding="UTF-8"?>
<testsuite xmlns:xsi="http://www.w3.org/2001/XMLSchema-instance" xsi:noNamespaceSchemaLocation="https://maven.apache.org/surefire/maven-surefire-plugin/xsd/surefire-test-report-3.0.xsd" version="3.0" name="com.balazsholczer.di.DependencyInjectionPatternTest" time="0.264" tests="15" errors="0" skipped="0" failures="0">
  <properties>
[...]
</properties>
  <testcase name="testSingletonScope" classname="com.balazsholczer.di.DependencyInjectionPatternTest" time="0.102">
    <system-out><![CDATA[DIContainer: Registered singleton - UserRepository
DIContainer: Returning singleton - UserRepository
DIContainer: Returning singleton - UserRepository
]]></system-out>
  </testcase>
  <testcase name="testEquivalenceAcrossApproaches" classname="com.balazsholczer.di.DependencyInjectionPatternTest" time="0.01">
    <system-out><![CDATA[DIContainer: Registered singleton - UserRepository
DIContainer: Returning singleton - UserRepository
UserService: Injected DatabaseUserRepository
FunctionalDI: Registered provider - UserRepository
FunctionalDI: Registered provider - UserService
UserService: Injected DatabaseUserRepository
DatabaseUserRepository: Saving user to database - traditional
UserService: User created - traditional
DatabaseUserRepository: Saving user to database - functional
UserService: User created - functional
UserService: Getting user - traditional
DatabaseUserRepository: Finding user by id - traditional
UserService: Getting user - functional
DatabaseUserRepository: Finding user by id - functional
]]></system-out>
  </testcase>
  <testcase name="testServiceLifecycle" classname="com.balazsholczer.di.DependencyInjectionPatternTest" time="0.004">
    <system-out><![CDATA[UserService: Injected DatabaseUserRepository
DatabaseUserRepository: Saving user to database - 1
UserService: User created - 1
DatabaseUserRepository: Saving user to database - 2
UserService: User created - 2
DatabaseUserRepository: Saving user to database - 3
UserService: User created - 3
UserService: Getting all users
DatabaseUserRepository: Finding all users
]]></system-out>
  </testcase>
  <testcase name="testContainerRegistrationLogging" classname="com.balazsholczer.di.DependencyInjectionPatternTest" time="0.007">
    <system-out><![CDATA[DIContainer: Registered singleton - UserRepository
DIContainer: Registered factory - String
FunctionalDI: Registered provider - TestKey
]]></system-out>
  </testcase>
  <testcase name="testContainerErrorHandling" classname="com.balazsholczer.di.DependencyInjectionPatternTest" time="0.005"/>
  <testcase name="testComplexDependencyGraph" classname="com.balazsholczer.di.DependencyInjectionPatternTest" time="0.008">
    <system-out><![CDATA[DIContainer: Registered factory - UserRepository
DIContainer: Creating instance via factory - UserRepository
UserService: Injected DatabaseUserRepository
DIContainer: Creating instance via factory - UserRepository
UserService: Injected DatabaseUserRepository
DatabaseUserRepository: Saving user to database - user1
UserService: User created - user1
DatabaseUserRepository: Saving user to database - user2
UserService: User created - user2
UserService: Getting user - user1
DatabaseUserRepository: Finding user by id - user1
UserService: Getting user - user2
DatabaseUserRepository: Finding user by id - user2
]]></system-out>
  </testcase>
  <testcase name="testTraditionalDependencyInjection" classname="com.balazsholczer.di.DependencyInjectionPatternTest" time="0.003">
    <system-out><![CDATA[DIContainer: Registered singleton - UserRepository
DIContainer: Returning singleton - UserRepository
UserService: Injected DatabaseUserRepository
DatabaseUserRepository: Saving user to database - 1
UserService: User created - 1
UserService: Getting user - 1
DatabaseUserRepository: Finding user by id - 1
]]></system-out>
  </testcase>
  <testcase name="testMultipleServiceInstances" classname="com.balazsholczer.di.DependencyInjectionPatternTest" time="0.006">
    <system-out><![CDATA[DIContainer: Registered singleton - UserRepository
DIContainer: Returning singleton - UserRepository
UserService: Injected DatabaseUserRepository
DIContainer: Returning singleton - UserRepository
UserService: Injected DatabaseUserRepository
DatabaseUserRepository: Saving user to database - shared1
UserService: User created - shared1
DatabaseUserRepository: Saving user to database - shared2
UserService: User created - shared2
UserService: Getting all users
DatabaseUserRepository: Finding all users
UserService: Getting all users
DatabaseUserRepository: Finding all users
UserService: Getting all users
DatabaseUserRepository: Finding all users
]]></system-out>
  </testcase>
  <testcase name="testConstructorInjection" classname="com.balazsholczer.di.DependencyInjectionPatternTest" time="0.002">
    <system-out><![CDATA[DIContainer: Registered singleton - UserRepository
DIContainer: Returning singleton - UserRepository
UserService: Injected DatabaseUserRepository
DatabaseUserRepository: Saving user to database - 3
UserService: User created - 3
UserService: Getting user - 3
DatabaseUserRepository: Finding user by id - 3
]]></system-out>
  </testcase>
  <testcase name="testFunctionalDependencyInjection" classname="com.balazsholczer.di.DependencyInjectionPatternTest" time="0.005">
    <system-out><![CDATA[FunctionalDI: Registered provider - UserRepository
FunctionalDI: Registered provider - UserService
UserService: Injected DatabaseUserRepository
DatabaseUserRepository: Saving user to database - 2
UserService: User created - 2
UserService: Getting user - 2
DatabaseUserRepository: Finding user by id - 2
]]></system-out>
  </testcase>
  <testcase name="testUserModel" classname="com.balazsholczer.di.DependencyInjectionPatternTest" time="0.008"/>
  <testcase name="testUserService" classname="com.balazsholczer.di.DependencyInjectionPatternTest" time="0.006">
    <system-out><![CDATA[UserService: Injected DatabaseUserRepository
DatabaseUserRepository: Saving user to database - 1
UserService: User created - 1
UserService: Getting user - 1
DatabaseUserRepository: Finding user by id - 1
UserService: Getting all users
DatabaseUserRepository: Finding all users
]]></system-out>
  </testcase>
  <testcase name="testUserRepository" classname="com.balazsholczer.di.DependencyInjectionPatternTest" time="0.003">
    <system-out><![CDATA[DatabaseUserRepository: Saving user to database - 1
DatabaseUserRepository: Finding user by id - 1
DatabaseUserRepository: Finding all users
]]></system-out>
  </testcase>
  <testcase name="testFunctionalContainerBasics" classname="com.balazsholczer.di.DependencyInjectionPatternTest" time="0.003">
    <system-out><![CDATA[FunctionalDI: Registered provider - String
FunctionalDI: Registered provider - Integer
]]></system-out>
  </testcase>
  <testcase name="testFactoryRegistration" classname="com.balazsholczer.di.DependencyInjectionPatternTest" time="0.002">
    <system-out><![CDATA[DIContainer: Registered factory - UserRepository
DIContainer: Creating instance via factory - UserRepository
DIContainer: Creating instance via factory - UserRepository
]]></system-out>
  </testcase>
</testsuite>