<?xml version="1.0" encoding="UTF-8"?>
<testsuite xmlns:xsi="http://www.w3.org/2001/XMLSchema-instance" xsi:noNamespaceSchemaLocation="https://maven.apache.org/surefire/maven-surefire-plugin/xsd/surefire-test-report-3.0.xsd" version="3.0" name="com.balazsholczer.proxy.ProxyTest" time="0.038" tests="6" errors="0" skipped="0" failures="0">
  <properties>
[...]
</properties>
  <testcase name="testFunctionalProxy" classname="com.balazsholczer.proxy.ProxyTest" time="0.007">
    <system-out><![CDATA[Loading image: test.jpg
Displaying image: test.jpg
Displaying image: test.jpg
]]></system-out>
  </testcase>
  <testcase name="testProxyLazyLoading" classname="com.balazsholczer.proxy.ProxyTest" time="0.004">
    <system-out><![CDATA[Loading image: large_image.jpg
Displaying image: large_image.jpg
]]></system-out>
  </testcase>
  <testcase name="testEquivalence" classname="com.balazsholczer.proxy.ProxyTest" time="0.011">
    <system-out><![CDATA[Loading image: test_data.jpg
Displaying image: test_data.jpg
Loading image: test_data.jpg
Displaying: Image data for: test_data.jpg
Loading image: test_data.jpg
Displaying image: test_data.jpg
]]></system-out>
  </testcase>
  <testcase name="testTraditionalProxy" classname="com.balazsholczer.proxy.ProxyTest" time="0.002">
    <system-out><![CDATA[Loading image: test.jpg
Displaying image: test.jpg
Displaying image: test.jpg
]]></system-out>
  </testcase>
  <testcase name="testDynamicProxy" classname="com.balazsholczer.proxy.ProxyTest" time="0.003">
    <system-out><![CDATA[Loading image: dynamic.jpg
Displaying image: dynamic.jpg
]]></system-out>
  </testcase>
  <testcase name="testCachingProxy" classname="com.balazsholczer.proxy.ProxyTest" time="0.002">
    <system-out><![CDATA[Loading image: test.jpg
Displaying: Image data for: test.jpg
Displaying: Image data for: test.jpg
]]></system-out>
  </testcase>
</testsuite>