<?xml version="1.0" encoding="UTF-8"?>
<testsuite xmlns:xsi="http://www.w3.org/2001/XMLSchema-instance" xsi:noNamespaceSchemaLocation="https://maven.apache.org/surefire/maven-surefire-plugin/xsd/surefire-test-report-3.0.xsd" version="3.0" name="com.balazsholczer.memento.MementoTest" time="0.117" tests="11" errors="0" skipped="0" failures="0">
  <properties>
[...]
</properties>
  <testcase name="testFunctionalMementoInteger" classname="com.balazsholczer.memento.MementoTest" time="0.02">
    <system-out><![CDATA[FunctionalMemento: Executed - Increment by 5
FunctionalMemento: Executed - Increment by 3
FunctionalMemento: Undo: Increment by 3
FunctionalMemento: Redo: Increment by 3
]]></system-out>
  </testcase>
  <testcase name="testMementoPatternBehavior" classname="com.balazsholczer.memento.MementoTest" time="0.04">
    <system-out><![CDATA[Originator: State set to Original
Originator: Saving state to memento
Originator: State set to Changed
Originator: State restored from memento to Original
FunctionalMemento: Executed - Append: End
FunctionalMemento: Undo: Append: End
RecordMemento: State set - State updated
RecordMemento: State set - State updated
RecordMemento: Undo to - State updated
StreamMemento: Snapshot saved - Initial state (id: initial)
StreamMemento: Snapshot saved - State updated (id: auto)
StreamMemento: Restored state from tag: Initial state
]]></system-out>
  </testcase>
  <testcase name="testStreamMemento" classname="com.balazsholczer.memento.MementoTest" time="0.008">
    <system-out><![CDATA[StreamMemento: Snapshot saved - Initial state (id: initial)
StreamMemento: Snapshot saved - State updated (id: auto)
StreamMemento: Snapshot saved - First checkpoint (id: checkpoint1)
StreamMemento: Snapshot saved - State updated (id: auto)
StreamMemento: Snapshot saved - Second checkpoint (id: checkpoint2)
StreamMemento: Snapshot saved - State updated (id: auto)
StreamMemento: Restored state from id: checkpoint1
StreamMemento: Restored state from tag: Second checkpoint
]]></system-out>
  </testcase>
  <testcase name="testStreamMementoFiltering" classname="com.balazsholczer.memento.MementoTest" time="0.011">
    <system-out><![CDATA[StreamMemento: Snapshot saved - Initial state (id: initial)
StreamMemento: Snapshot saved - State updated (id: auto)
StreamMemento: Snapshot saved - tag1 (id: s1)
StreamMemento: Snapshot saved - State updated (id: auto)
StreamMemento: Snapshot saved - tag2 (id: s2)
StreamMemento: Snapshot saved - State updated (id: auto)
StreamMemento: Snapshot saved - tag1 (id: s3)
StreamMemento: Kept only latest 2 snapshots
]]></system-out>
  </testcase>
  <testcase name="testEquivalence" classname="com.balazsholczer.memento.MementoTest" time="0.003">
    <system-out><![CDATA[Originator: State set to Test
Originator: Saving state to memento
Originator: State set to Changed
Originator: State restored from memento to Test
FunctionalMemento: Executed - Append: Changed
FunctionalMemento: Undo: Append: Changed
RecordMemento: State set - State updated
RecordMemento: State set - State updated
RecordMemento: Undo to - State updated
StreamMemento: Snapshot saved - Initial state (id: initial)
StreamMemento: Snapshot saved - State updated (id: auto)
StreamMemento: Restored state from tag: Initial state
]]></system-out>
  </testcase>
  <testcase name="testFunctionalMemento" classname="com.balazsholczer.memento.MementoTest" time="0.003">
    <system-out><![CDATA[FunctionalMemento: Executed - Append:  World
FunctionalMemento: Executed - Append: !
FunctionalMemento: Undo: Append: !
FunctionalMemento: Undo: Append:  World
FunctionalMemento: Redo: Append:  World
]]></system-out>
  </testcase>
  <testcase name="testTraditionalMemento" classname="com.balazsholczer.memento.MementoTest" time="0.002">
    <system-out><![CDATA[Originator: State set to State1
Originator: Saving state to memento
Caretaker: Memento saved (total: 1)
Originator: State set to State2
Originator: Saving state to memento
Caretaker: Memento saved (total: 2)
Originator: State set to State3
Originator: State restored from memento to State2
Originator: State restored from memento to State1
]]></system-out>
  </testcase>
  <testcase name="testFunctionalMementoUndoRedo" classname="com.balazsholczer.memento.MementoTest" time="0.004">
    <system-out><![CDATA[FunctionalMemento: Executed - Increment by 5
FunctionalMemento: Undo: Increment by 5
FunctionalMemento: Redo: Increment by 5
]]></system-out>
  </testcase>
  <testcase name="testRecordMementoHistory" classname="com.balazsholczer.memento.MementoTest" time="0.001">
    <system-out><![CDATA[RecordMemento: State set - First
RecordMemento: State set - Second
RecordMemento: State set - Third
]]></system-out>
  </testcase>
  <testcase name="testRecordMemento" classname="com.balazsholczer.memento.MementoTest" time="0.002">
    <system-out><![CDATA[RecordMemento: State set - Setup
RecordMemento: State set - Update
RecordMemento: Undo to - Setup
RecordMemento: Redo to - Update
]]></system-out>
  </testcase>
  <testcase name="testCareTakerBehavior" classname="com.balazsholczer.memento.MementoTest" time="0.003">
    <system-out><![CDATA[Originator: State set to State1
Originator: Saving state to memento
Caretaker: Memento saved (total: 1)
Originator: State set to State2
Originator: Saving state to memento
Caretaker: Memento saved (total: 2)
Originator: State restored from memento to State1
]]></system-out>
  </testcase>
</testsuite>