<?xml version="1.0" encoding="UTF-8"?>
<testsuite xmlns:xsi="http://www.w3.org/2001/XMLSchema-instance" xsi:noNamespaceSchemaLocation="https://maven.apache.org/surefire/maven-surefire-plugin/xsd/surefire-test-report-3.0.xsd" version="3.0" name="com.balazsholczer.sessionfacade.SessionFacadePatternTest" time="0.232" tests="12" errors="0" skipped="0" failures="0">
  <properties>
[...]
</properties>
  <testcase name="testCoarseGrainedOperations" classname="com.balazsholczer.sessionfacade.SessionFacadePatternTest" time="0.118">
    <system-out><![CDATA[OrderSessionFacade: Processing complete order workflow
CustomerService: Retrieving customer PERF-TEST
OrderService: Creating order for customer PERF-TEST
PaymentService: Processing payment of 300 for order ORD-1755544234508
OrderSessionFacade: Order completed successfully
]]></system-out>
  </testcase>
  <testcase name="testErrorHandlingWorkflow" classname="com.balazsholczer.sessionfacade.SessionFacadePatternTest" time="0.007">
    <system-out><![CDATA[OrderSessionFacade: Processing complete order workflow
CustomerService: Retrieving customer CUST-123
OrderService: Creating order for customer CUST-123
PaymentService: Processing payment of 0 for order ORD-1755544234575
OrderSessionFacade: Order completed successfully
OrderSessionFacade: Processing complete order workflow
CustomerService: Retrieving customer null
OrderService: Creating order for customer null
PaymentService: Processing payment of 300 for order ORD-1755544234579
OrderSessionFacade: Order completed successfully
]]></system-out>
  </testcase>
  <testcase name="testEquivalenceAcrossApproaches" classname="com.balazsholczer.sessionfacade.SessionFacadePatternTest" time="0.005">
    <system-out><![CDATA[OrderSessionFacade: Processing complete order workflow
CustomerService: Retrieving customer EQUIV-TEST
OrderService: Creating order for customer EQUIV-TEST
PaymentService: Processing payment of 300 for order ORD-1755544234585
OrderSessionFacade: Order completed successfully
]]></system-out>
  </testcase>
  <testcase name="testOrderDataStructures" classname="com.balazsholczer.sessionfacade.SessionFacadePatternTest" time="0.007"/>
  <testcase name="testComplexOrderProcessing" classname="com.balazsholczer.sessionfacade.SessionFacadePatternTest" time="0.003">
    <system-out><![CDATA[OrderSessionFacade: Processing complete order workflow
CustomerService: Retrieving customer CUST-001
OrderService: Creating order for customer CUST-001
PaymentService: Processing payment of 100 for order ORD-1755544234600
OrderSessionFacade: Order completed successfully
OrderSessionFacade: Processing complete order workflow
CustomerService: Retrieving customer CUST-002
OrderService: Creating order for customer CUST-002
PaymentService: Processing payment of 500 for order ORD-1755544234600
OrderSessionFacade: Order completed successfully
]]></system-out>
  </testcase>
  <testcase name="testStreamBasedProcessing" classname="com.balazsholczer.sessionfacade.SessionFacadePatternTest" time="0.007">
    <system-out><![CDATA[OrderSessionFacade: Processing complete order workflow
CustomerService: Retrieving customer CUST-001
OrderService: Creating order for customer CUST-001
PaymentService: Processing payment of 300 for order ORD-1755544234608
OrderSessionFacade: Order completed successfully
OrderSessionFacade: Processing complete order workflow
CustomerService: Retrieving customer CUST-002
OrderService: Creating order for customer CUST-002
PaymentService: Processing payment of 300 for order ORD-1755544234608
OrderSessionFacade: Order completed successfully
OrderSessionFacade: Processing complete order workflow
CustomerService: Retrieving customer CUST-003
OrderService: Creating order for customer CUST-003
PaymentService: Processing payment of 300 for order ORD-1755544234608
OrderSessionFacade: Order completed successfully
]]></system-out>
  </testcase>
  <testcase name="testOrderCancellation" classname="com.balazsholczer.sessionfacade.SessionFacadePatternTest" time="0.003">
    <system-out><![CDATA[OrderSessionFacade: Cancelling order ORD-12345
OrderService: Retrieving order ORD-12345
PaymentService: Refunding 200 for order ORD-12345
]]></system-out>
  </testcase>
  <testcase name="testServiceIntegration" classname="com.balazsholczer.sessionfacade.SessionFacadePatternTest" time="0.003">
    <system-out><![CDATA[OrderSessionFacade: Processing complete order workflow
CustomerService: Retrieving customer INTEGRATION-TEST
OrderService: Creating order for customer INTEGRATION-TEST
PaymentService: Processing payment of 200 for order ORD-1755544234620
OrderSessionFacade: Order completed successfully
OrderSessionFacade: Cancelling order ORD-1755544234620
OrderService: Retrieving order ORD-1755544234620
PaymentService: Refunding 200 for order ORD-1755544234620
]]></system-out>
  </testcase>
  <testcase name="testTraditionalSessionFacade" classname="com.balazsholczer.sessionfacade.SessionFacadePatternTest" time="0.003">
    <system-out><![CDATA[OrderSessionFacade: Processing complete order workflow
CustomerService: Retrieving customer CUST-123
OrderService: Creating order for customer CUST-123
PaymentService: Processing payment of 300 for order ORD-1755544234625
OrderSessionFacade: Order completed successfully
OrderSessionFacade: Processing complete order workflow
CustomerService: Retrieving customer CUST-456
OrderService: Creating order for customer CUST-456
PaymentService: Processing payment of 300 for order ORD-1755544234626
OrderSessionFacade: Order completed successfully
]]></system-out>
  </testcase>
  <testcase name="testServiceCoordination" classname="com.balazsholczer.sessionfacade.SessionFacadePatternTest" time="0.003">
    <system-out><![CDATA[CustomerService: Retrieving customer CUST-123
OrderService: Creating order for customer CUST-123
PaymentService: Processing payment of 300 for order ORD-1755544234630
]]></system-out>
  </testcase>
  <testcase name="testFunctionalApproach" classname="com.balazsholczer.sessionfacade.SessionFacadePatternTest" time="0.005">
    <system-out><![CDATA[Functional payment processing for FUNC-ORD-001
]]></system-out>
  </testcase>
  <testcase name="testInvalidCustomerHandling" classname="com.balazsholczer.sessionfacade.SessionFacadePatternTest" time="0.002">
    <system-out><![CDATA[OrderSessionFacade: Processing complete order workflow
CustomerService: Retrieving customer INVALID-CUSTOMER
OrderService: Creating order for customer INVALID-CUSTOMER
PaymentService: Processing payment of 300 for order ORD-1755544234641
OrderSessionFacade: Order completed successfully
]]></system-out>
  </testcase>
</testsuite>